0 info it worked if it ends with ok
1 verbose cli [ 'C:\\Program Files\\nodejs\\\\node.exe',
1 verbose cli   'C:\\Program Files\\nodejs\\node_modules\\npm\\bin\\npm-cli.js',
1 verbose cli   'i' ]
2 info using npm@2.11.3
3 info using node@v0.12.7
4 verbose readDependencies loading dependencies from c:\source\angular-webpack\package.json
5 verbose install where, deps [ 'c:\\source\\angular-webpack',
5 verbose install   [ '@angular/router',
5 verbose install     'angular',
5 verbose install     'angular-sanitize',
5 verbose install     'axios',
5 verbose install     'bootstrap',
5 verbose install     'font-awesome',
5 verbose install     'js-data',
5 verbose install     'js-data-angular',
5 verbose install     'js-data-firebase',
5 verbose install     'node-bourbon',
5 verbose install     'ng-showdown',
5 verbose install     'angular-mocks',
5 verbose install     'autoprefixer',
5 verbose install     'babel-core',
5 verbose install     'babel-loader',
5 verbose install     'babel-preset-es2015',
5 verbose install     'copy-webpack-plugin',
5 verbose install     'css-loader',
5 verbose install     'extract-text-webpack-plugin',
5 verbose install     'file-loader',
5 verbose install     'html-webpack-plugin',
5 verbose install     'isparta-instrumenter-loader',
5 verbose install     'jasmine-core',
5 verbose install     'karma',
5 verbose install     'karma-coverage',
5 verbose install     'karma-jasmine',
5 verbose install     'karma-phantomjs-launcher',
5 verbose install     'karma-sourcemap-loader',
5 verbose install     'karma-spec-reporter',
5 verbose install     'karma-webpack',
5 verbose install     'node-libs-browser',
5 verbose install     'node-sass',
5 verbose install     'null-loader',
5 verbose install     'phantomjs-prebuilt',
5 verbose install     'postcss-loader',
5 verbose install     'raw-loader',
5 verbose install     'rimraf',
5 verbose install     'sass-loader',
5 verbose install     'style-loader',
5 verbose install     'url-loader',
5 verbose install     'webpack',
5 verbose install     'webpack-dev-server' ] ]
6 verbose install where, peers [ 'c:\\source\\angular-webpack', [] ]
7 verbose installManyTop reading for lifecycle c:\source\angular-webpack\package.json
8 info preinstall firebase-blogger@1.0.0
9 verbose installManyTop reading scoped package data from c:\source\angular-webpack\node_modules\angular\package.json
10 verbose installManyTop reading scoped package data from c:\source\angular-webpack\node_modules\angular-mocks\package.json
11 verbose installManyTop reading scoped package data from c:\source\angular-webpack\node_modules\angular-sanitize\package.json
12 verbose installManyTop reading scoped package data from c:\source\angular-webpack\node_modules\angular-ui-bootstrap\package.json
13 verbose installManyTop reading scoped package data from c:\source\angular-webpack\node_modules\autoprefixer\package.json
14 verbose installManyTop reading scoped package data from c:\source\angular-webpack\node_modules\axios\package.json
15 verbose installManyTop reading scoped package data from c:\source\angular-webpack\node_modules\babel-core\package.json
16 verbose installManyTop reading scoped package data from c:\source\angular-webpack\node_modules\babel-loader\package.json
17 verbose installManyTop reading scoped package data from c:\source\angular-webpack\node_modules\babel-preset-es2015\package.json
18 verbose installManyTop reading scoped package data from c:\source\angular-webpack\node_modules\bootstrap\package.json
19 verbose installManyTop reading scoped package data from c:\source\angular-webpack\node_modules\bourbon\package.json
20 verbose installManyTop reading scoped package data from c:\source\angular-webpack\node_modules\copy-webpack-plugin\package.json
21 verbose installManyTop reading scoped package data from c:\source\angular-webpack\node_modules\css-loader\package.json
22 verbose installManyTop reading scoped package data from c:\source\angular-webpack\node_modules\extract-text-webpack-plugin\package.json
23 verbose installManyTop reading scoped package data from c:\source\angular-webpack\node_modules\file-loader\package.json
24 verbose installManyTop reading scoped package data from c:\source\angular-webpack\node_modules\firebase\package.json
25 verbose installManyTop reading scoped package data from c:\source\angular-webpack\node_modules\font-awesome\package.json
26 verbose installManyTop reading scoped package data from c:\source\angular-webpack\node_modules\html-webpack-plugin\package.json
27 verbose installManyTop reading scoped package data from c:\source\angular-webpack\node_modules\isparta-instrumenter-loader\package.json
28 verbose installManyTop reading scoped package data from c:\source\angular-webpack\node_modules\jasmine-core\package.json
29 verbose installManyTop reading scoped package data from c:\source\angular-webpack\node_modules\js-data\package.json
30 verbose installManyTop reading scoped package data from c:\source\angular-webpack\node_modules\js-data-angular\package.json
31 verbose installManyTop reading scoped package data from c:\source\angular-webpack\node_modules\js-data-firebase\package.json
32 verbose installManyTop reading scoped package data from c:\source\angular-webpack\node_modules\karma\package.json
33 verbose installManyTop reading scoped package data from c:\source\angular-webpack\node_modules\karma-coverage\package.json
34 verbose installManyTop reading scoped package data from c:\source\angular-webpack\node_modules\karma-jasmine\package.json
35 verbose installManyTop reading scoped package data from c:\source\angular-webpack\node_modules\karma-phantomjs-launcher\package.json
36 verbose installManyTop reading scoped package data from c:\source\angular-webpack\node_modules\karma-sourcemap-loader\package.json
37 verbose installManyTop reading scoped package data from c:\source\angular-webpack\node_modules\karma-spec-reporter\package.json
38 verbose installManyTop reading scoped package data from c:\source\angular-webpack\node_modules\karma-webpack\package.json
39 verbose installManyTop reading scoped package data from c:\source\angular-webpack\node_modules\node-bourbon\package.json
40 verbose installManyTop reading scoped package data from c:\source\angular-webpack\node_modules\node-libs-browser\package.json
41 verbose installManyTop reading scoped package data from c:\source\angular-webpack\node_modules\node-sass\package.json
42 verbose installManyTop reading scoped package data from c:\source\angular-webpack\node_modules\null-loader\package.json
43 verbose installManyTop reading scoped package data from c:\source\angular-webpack\node_modules\phantomjs-prebuilt\package.json
44 verbose installManyTop reading scoped package data from c:\source\angular-webpack\node_modules\postcss-loader\package.json
45 verbose installManyTop reading scoped package data from c:\source\angular-webpack\node_modules\raw-loader\package.json
46 verbose installManyTop reading scoped package data from c:\source\angular-webpack\node_modules\rimraf\package.json
47 verbose installManyTop reading scoped package data from c:\source\angular-webpack\node_modules\sass-loader\package.json
48 verbose installManyTop reading scoped package data from c:\source\angular-webpack\node_modules\showdown\package.json
49 verbose installManyTop reading scoped package data from c:\source\angular-webpack\node_modules\style-loader\package.json
50 verbose installManyTop reading scoped package data from c:\source\angular-webpack\node_modules\textangular\package.json
51 verbose installManyTop reading scoped package data from c:\source\angular-webpack\node_modules\url-loader\package.json
52 verbose installManyTop reading scoped package data from c:\source\angular-webpack\node_modules\webpack\package.json
53 verbose installManyTop reading scoped package data from c:\source\angular-webpack\node_modules\webpack-dev-server\package.json
54 verbose installManyTop reading scoped package data from c:\source\angular-webpack\node_modules\@angular\router\package.json
55 info package.json js-data-firebase@2.1.1 No license field.
56 info package.json raw-loader@0.5.1 No license field.
57 info package.json @angular/router@0.2.0 No description
58 info package.json @angular/router@0.2.0 No repository field.
59 info package.json @angular/router@0.2.0 No README data
60 info package.json @angular/router@0.2.0 No license field.
61 info package.json firebase@2.4.2 No license field.
62 verbose readDependencies loading dependencies from c:\source\angular-webpack\package.json
63 verbose targetResolver reading package data from c:\source\angular-webpack\node_modules\angular\package.json
64 verbose targetResolver reading package data from c:\source\angular-webpack\node_modules\angular-mocks\package.json
65 verbose targetResolver reading package data from c:\source\angular-webpack\node_modules\angular-sanitize\package.json
66 verbose targetResolver reading package data from c:\source\angular-webpack\node_modules\angular-ui-bootstrap\package.json
67 verbose targetResolver reading package data from c:\source\angular-webpack\node_modules\autoprefixer\package.json
68 verbose targetResolver reading package data from c:\source\angular-webpack\node_modules\axios\package.json
69 verbose targetResolver reading package data from c:\source\angular-webpack\node_modules\babel-core\package.json
70 verbose targetResolver reading package data from c:\source\angular-webpack\node_modules\babel-loader\package.json
71 verbose targetResolver reading package data from c:\source\angular-webpack\node_modules\babel-preset-es2015\package.json
72 verbose targetResolver reading package data from c:\source\angular-webpack\node_modules\bootstrap\package.json
73 verbose targetResolver reading package data from c:\source\angular-webpack\node_modules\bourbon\package.json
74 verbose targetResolver reading package data from c:\source\angular-webpack\node_modules\copy-webpack-plugin\package.json
75 verbose targetResolver reading package data from c:\source\angular-webpack\node_modules\css-loader\package.json
76 verbose targetResolver reading package data from c:\source\angular-webpack\node_modules\extract-text-webpack-plugin\package.json
77 verbose targetResolver reading package data from c:\source\angular-webpack\node_modules\file-loader\package.json
78 verbose targetResolver reading package data from c:\source\angular-webpack\node_modules\firebase\package.json
79 verbose targetResolver reading package data from c:\source\angular-webpack\node_modules\font-awesome\package.json
80 verbose targetResolver reading package data from c:\source\angular-webpack\node_modules\html-webpack-plugin\package.json
81 verbose targetResolver reading package data from c:\source\angular-webpack\node_modules\isparta-instrumenter-loader\package.json
82 verbose targetResolver reading package data from c:\source\angular-webpack\node_modules\jasmine-core\package.json
83 verbose targetResolver reading package data from c:\source\angular-webpack\node_modules\js-data\package.json
84 verbose targetResolver reading package data from c:\source\angular-webpack\node_modules\js-data-angular\package.json
85 verbose targetResolver reading package data from c:\source\angular-webpack\node_modules\js-data-firebase\package.json
86 verbose targetResolver reading package data from c:\source\angular-webpack\node_modules\karma\package.json
87 verbose targetResolver reading package data from c:\source\angular-webpack\node_modules\karma-coverage\package.json
88 verbose targetResolver reading package data from c:\source\angular-webpack\node_modules\karma-jasmine\package.json
89 verbose targetResolver reading package data from c:\source\angular-webpack\node_modules\karma-phantomjs-launcher\package.json
90 verbose targetResolver reading package data from c:\source\angular-webpack\node_modules\karma-sourcemap-loader\package.json
91 verbose targetResolver reading package data from c:\source\angular-webpack\node_modules\karma-spec-reporter\package.json
92 verbose targetResolver reading package data from c:\source\angular-webpack\node_modules\karma-webpack\package.json
93 verbose targetResolver reading package data from c:\source\angular-webpack\node_modules\node-bourbon\package.json
94 verbose targetResolver reading package data from c:\source\angular-webpack\node_modules\node-libs-browser\package.json
95 verbose targetResolver reading package data from c:\source\angular-webpack\node_modules\node-sass\package.json
96 verbose targetResolver reading package data from c:\source\angular-webpack\node_modules\null-loader\package.json
97 verbose targetResolver reading package data from c:\source\angular-webpack\node_modules\phantomjs-prebuilt\package.json
98 verbose targetResolver reading package data from c:\source\angular-webpack\node_modules\postcss-loader\package.json
99 verbose targetResolver reading package data from c:\source\angular-webpack\node_modules\raw-loader\package.json
100 verbose targetResolver reading package data from c:\source\angular-webpack\node_modules\rimraf\package.json
101 verbose targetResolver reading package data from c:\source\angular-webpack\node_modules\sass-loader\package.json
102 verbose targetResolver reading package data from c:\source\angular-webpack\node_modules\showdown\package.json
103 verbose targetResolver reading package data from c:\source\angular-webpack\node_modules\style-loader\package.json
104 verbose targetResolver reading package data from c:\source\angular-webpack\node_modules\textangular\package.json
105 verbose targetResolver reading package data from c:\source\angular-webpack\node_modules\url-loader\package.json
106 verbose targetResolver reading package data from c:\source\angular-webpack\node_modules\webpack\package.json
107 verbose targetResolver reading package data from c:\source\angular-webpack\node_modules\webpack-dev-server\package.json
108 verbose targetResolver reading package data from c:\source\angular-webpack\node_modules\.bin\karma\package.json
109 verbose targetResolver reading package data from c:\source\angular-webpack\node_modules\.bin\karma.cmd\package.json
110 verbose targetResolver reading package data from c:\source\angular-webpack\node_modules\.bin\node-sass\package.json
111 verbose targetResolver reading package data from c:\source\angular-webpack\node_modules\.bin\node-sass.cmd\package.json
112 verbose targetResolver reading package data from c:\source\angular-webpack\node_modules\.bin\phantomjs\package.json
113 verbose targetResolver reading package data from c:\source\angular-webpack\node_modules\.bin\phantomjs.cmd\package.json
114 verbose targetResolver reading package data from c:\source\angular-webpack\node_modules\.bin\rimraf\package.json
115 verbose targetResolver reading package data from c:\source\angular-webpack\node_modules\.bin\rimraf.cmd\package.json
116 verbose targetResolver reading package data from c:\source\angular-webpack\node_modules\.bin\showdown\package.json
117 verbose targetResolver reading package data from c:\source\angular-webpack\node_modules\.bin\showdown.cmd\package.json
118 verbose targetResolver reading package data from c:\source\angular-webpack\node_modules\.bin\webpack\package.json
119 verbose targetResolver reading package data from c:\source\angular-webpack\node_modules\.bin\webpack-dev-server\package.json
120 verbose targetResolver reading package data from c:\source\angular-webpack\node_modules\.bin\webpack-dev-server.cmd\package.json
121 verbose targetResolver reading package data from c:\source\angular-webpack\node_modules\.bin\webpack.cmd\package.json
122 verbose targetResolver reading package data from c:\source\angular-webpack\node_modules\@angular\router\package.json
123 verbose already installed skipping css-loader@^0.23.0 c:\source\angular-webpack
124 verbose already installed skipping extract-text-webpack-plugin@^1.0.1 c:\source\angular-webpack
125 verbose already installed skipping file-loader@^0.8.4 c:\source\angular-webpack
126 verbose already installed skipping html-webpack-plugin@^2.7.1 c:\source\angular-webpack
127 verbose already installed skipping isparta-instrumenter-loader@^1.0.0 c:\source\angular-webpack
128 verbose already installed skipping jasmine-core@^2.3.4 c:\source\angular-webpack
129 verbose already installed skipping karma@^0.13.14 c:\source\angular-webpack
130 verbose already installed skipping karma-coverage@^0.5.3 c:\source\angular-webpack
131 verbose already installed skipping karma-jasmine@^0.3.6 c:\source\angular-webpack
132 verbose already installed skipping karma-phantomjs-launcher@^1.0.0 c:\source\angular-webpack
133 verbose already installed skipping karma-sourcemap-loader@^0.3.7 c:\source\angular-webpack
134 verbose already installed skipping karma-spec-reporter@0.0.26 c:\source\angular-webpack
135 verbose already installed skipping karma-webpack@^1.7.0 c:\source\angular-webpack
136 verbose already installed skipping node-libs-browser@^1.0.0 c:\source\angular-webpack
137 verbose already installed skipping node-sass@^3.4.2 c:\source\angular-webpack
138 verbose already installed skipping null-loader@^0.1.1 c:\source\angular-webpack
139 verbose already installed skipping phantomjs-prebuilt@^2.1.4 c:\source\angular-webpack
140 verbose already installed skipping postcss-loader@^0.8.0 c:\source\angular-webpack
141 verbose already installed skipping raw-loader@^0.5.1 c:\source\angular-webpack
142 verbose already installed skipping rimraf@^2.5.1 c:\source\angular-webpack
143 verbose already installed skipping sass-loader@^3.2.0 c:\source\angular-webpack
144 verbose already installed skipping style-loader@^0.13.0 c:\source\angular-webpack
145 verbose already installed skipping url-loader@^0.5.7 c:\source\angular-webpack
146 verbose already installed skipping webpack@^1.12.13 c:\source\angular-webpack
147 verbose already installed skipping webpack-dev-server@^1.14.1 c:\source\angular-webpack
148 verbose already installed skipping @angular/router@^0.2.0 c:\source\angular-webpack
149 verbose already installed skipping angular@^1.5.0 c:\source\angular-webpack
150 verbose already installed skipping angular-sanitize@^1.5.3 c:\source\angular-webpack
151 verbose already installed skipping axios@* c:\source\angular-webpack
152 verbose already installed skipping bootstrap@^3.3.6 c:\source\angular-webpack
153 verbose already installed skipping font-awesome@^4.5.0 c:\source\angular-webpack
154 verbose already installed skipping js-data@^2.9.0 c:\source\angular-webpack
155 verbose already installed skipping js-data-angular@* c:\source\angular-webpack
156 verbose already installed skipping js-data-firebase@^2.1.1 c:\source\angular-webpack
157 verbose already installed skipping node-bourbon@^4.2.8 c:\source\angular-webpack
158 silly cache add args [ 'ng-showdown@1.0.1', null ]
159 verbose cache add spec ng-showdown@1.0.1
160 silly cache add parsed spec { raw: 'ng-showdown@1.0.1',
160 silly cache add   scope: null,
160 silly cache add   name: 'ng-showdown',
160 silly cache add   rawSpec: '1.0.1',
160 silly cache add   spec: '1.0.1',
160 silly cache add   type: 'version' }
161 silly addNamed ng-showdown@1.0.1
162 verbose addNamed "1.0.1" is a plain semver version for ng-showdown
163 silly mapToRegistry name ng-showdown
164 silly mapToRegistry using default registry
165 silly mapToRegistry registry https://registry.npmjs.org/
166 silly mapToRegistry uri https://registry.npmjs.org/ng-showdown
167 verbose addNameVersion registry:https://registry.npmjs.org/ng-showdown not in flight; fetching
168 verbose already installed skipping angular-mocks@^1.5.0 c:\source\angular-webpack
169 verbose already installed skipping autoprefixer@^6.0.3 c:\source\angular-webpack
170 verbose already installed skipping babel-core@^6.2.1 c:\source\angular-webpack
171 verbose already installed skipping babel-loader@^6.2.0 c:\source\angular-webpack
172 verbose already installed skipping babel-preset-es2015@^6.1.18 c:\source\angular-webpack
173 verbose already installed skipping copy-webpack-plugin@^1.1.1 c:\source\angular-webpack
174 verbose request uri https://registry.npmjs.org/ng-showdown
175 verbose request no auth needed
176 info attempt registry request try #1 at 2:07:23 AM
177 verbose request id 9a8c478ec081c309
178 verbose etag "AAQ1MRGS2I7XJZUIIJY5JCRJS"
179 http request GET https://registry.npmjs.org/ng-showdown
180 http 304 https://registry.npmjs.org/ng-showdown
181 silly get cb [ 304,
181 silly get   { date: 'Mon, 18 Apr 2016 08:07:19 GMT',
181 silly get     via: '1.1 varnish',
181 silly get     'cache-control': 'max-age=300',
181 silly get     etag: '"AAQ1MRGS2I7XJZUIIJY5JCRJS"',
181 silly get     age: '0',
181 silly get     connection: 'keep-alive',
181 silly get     'x-served-by': 'cache-lax1426-LAX',
181 silly get     'x-cache': 'MISS',
181 silly get     'x-cache-hits': '0',
181 silly get     'x-timer': 'S1460966839.094479,VS0,VE47',
181 silly get     vary: 'Accept-Encoding' } ]
182 verbose etag https://registry.npmjs.org/ng-showdown from cache
183 verbose get saving ng-showdown to C:\Users\Jake\AppData\Roaming\npm-cache\registry.npmjs.org\ng-showdown\.cache.json
184 verbose stack Error: version not found: ng-showdown@1.0.1
184 verbose stack     at setData (C:\Program Files\nodejs\node_modules\npm\lib\cache\add-named.js:137:12)
184 verbose stack     at RES (C:\Program Files\nodejs\node_modules\npm\node_modules\inflight\inflight.js:23:14)
184 verbose stack     at f (C:\Program Files\nodejs\node_modules\npm\node_modules\once\once.js:17:25)
184 verbose stack     at fixName (C:\Program Files\nodejs\node_modules\npm\lib\cache\add-named.js:29:5)
184 verbose stack     at saved (C:\Program Files\nodejs\node_modules\npm\lib\cache\caching-client.js:173:7)
184 verbose stack     at FSReqWrap.oncomplete (fs.js:95:15)
185 verbose statusCode 404
186 verbose cwd c:\source\angular-webpack
187 error Windows_NT 6.3.9600
188 error argv "C:\\Program Files\\nodejs\\\\node.exe" "C:\\Program Files\\nodejs\\node_modules\\npm\\bin\\npm-cli.js" "i"
189 error node v0.12.7
190 error npm  v2.11.3
191 error version not found: ng-showdown@1.0.1
192 error If you need help, you may report this error at:
192 error     <https://github.com/npm/npm/issues>
193 verbose exit [ 1, true ]
